generation 1000:
name	number_accepted	number_rejected	weight	weight_prob	tuning_parameter
DirichletProcessGibbsSampler	347	0	10	0.344828	none	
TimeSizeRateMixer	282	253	6	0.206897	0.201439	
TimeRootSizeMixer	403	244	6	0.206897	0.238145	
EventTimeScaler	1302	978	1	0.0344828	0.309052	
RootPopulationSizeScaler0	260	191	1	0.0344828	0.299959	
LeafPopulationSizeScaler0	309	148	1	0.0344828	0.350138	
RootPopulationSizeScaler1	237	217	1	0.0344828	0.289263	
LeafPopulationSizeScaler1	240	218	1	0.0344828	0.372581	
RootPopulationSizeScaler2	248	197	1	0.0344828	0.284113	
LeafPopulationSizeScaler2	292	154	1	0.0344828	0.326466	
generation 2000:
name	number_accepted	number_rejected	weight	weight_prob	tuning_parameter
DirichletProcessGibbsSampler	683	0	10	0.344828	none	
TimeSizeRateMixer	601	588	6	0.206897	0.209696	
TimeRootSizeMixer	721	553	6	0.206897	0.253434	
EventTimeScaler	2496	2157	1	0.0344828	0.322647	
RootPopulationSizeScaler0	476	430	1	0.0344828	0.314555	
LeafPopulationSizeScaler0	597	319	1	0.0344828	0.404224	
RootPopulationSizeScaler1	477	446	1	0.0344828	0.305485	
LeafPopulationSizeScaler1	460	464	1	0.0344828	0.380947	
RootPopulationSizeScaler2	475	428	1	0.0344828	0.292389	
LeafPopulationSizeScaler2	536	374	1	0.0344828	0.359887	
generation 3000:
name	number_accepted	number_rejected	weight	weight_prob	tuning_parameter
DirichletProcessGibbsSampler	996	0	10	0.344828	none	
TimeSizeRateMixer	957	934	6	0.206897	0.215848	
TimeRootSizeMixer	1041	893	6	0.206897	0.25884	
EventTimeScaler	3722	3304	1	0.0344828	0.333179	
RootPopulationSizeScaler0	688	717	1	0.0344828	0.317014	
LeafPopulationSizeScaler0	888	513	1	0.0344828	0.43394	
RootPopulationSizeScaler1	711	701	1	0.0344828	0.30874	
LeafPopulationSizeScaler1	690	717	1	0.0344828	0.385938	
RootPopulationSizeScaler2	697	691	1	0.0344828	0.295125	
LeafPopulationSizeScaler2	817	585	1	0.0344828	0.379813	
generation 4000:
name	number_accepted	number_rejected	weight	weight_prob	tuning_parameter
DirichletProcessGibbsSampler	1345	0	10	0.344828	none	
TimeSizeRateMixer	1275	1252	6	0.206897	0.219132	
TimeRootSizeMixer	1336	1186	6	0.206897	0.263492	
EventTimeScaler	4916	4468	1	0.0344828	0.339818	
RootPopulationSizeScaler0	904	952	1	0.0344828	0.321055	
LeafPopulationSizeScaler0	1136	707	1	0.0344828	0.450918	
RootPopulationSizeScaler1	916	940	1	0.0344828	0.309896	
LeafPopulationSizeScaler1	912	940	1	0.0344828	0.390261	
RootPopulationSizeScaler2	901	931	1	0.0344828	0.295782	
LeafPopulationSizeScaler2	1057	781	1	0.0344828	0.391835	
generation 5000:
name	number_accepted	number_rejected	weight	weight_prob	tuning_parameter
DirichletProcessGibbsSampler	1687	0	10	0.344828	none	
TimeSizeRateMixer	1580	1565	6	0.206897	0.222135	
TimeRootSizeMixer	1709	1500	6	0.206897	0.268586	
EventTimeScaler	6091	5741	1	0.0344828	0.342781	
RootPopulationSizeScaler0	1119	1199	1	0.0344828	0.322913	
LeafPopulationSizeScaler0	1391	921	1	0.0344828	0.464438	
RootPopulationSizeScaler1	1145	1178	1	0.0344828	0.313773	
LeafPopulationSizeScaler1	1118	1195	1	0.0344828	0.392024	
RootPopulationSizeScaler2	1107	1194	1	0.0344828	0.296266	
LeafPopulationSizeScaler2	1310	994	1	0.0344828	0.401312	
generation 6000:
name	number_accepted	number_rejected	weight	weight_prob	tuning_parameter
DirichletProcessGibbsSampler	2035	0	10	0.344828	none	
TimeSizeRateMixer	1834	1871	6	0.206897	0.222942	
TimeRootSizeMixer	2005	1812	6	0.206897	0.270778	
EventTimeScaler	7107	6942	1	0.0344828	0.344131	
RootPopulationSizeScaler0	1320	1449	1	0.0344828	0.322516	
LeafPopulationSizeScaler0	1652	1115	1	0.0344828	0.473813	
RootPopulationSizeScaler1	1352	1422	1	0.0344828	0.31444	
LeafPopulationSizeScaler1	1325	1427	1	0.0344828	0.394726	
RootPopulationSizeScaler2	1310	1436	1	0.0344828	0.297952	
LeafPopulationSizeScaler2	1539	1223	1	0.0344828	0.406807	
generation 7000:
name	number_accepted	number_rejected	weight	weight_prob	tuning_parameter
DirichletProcessGibbsSampler	2367	0	10	0.344828	none	
TimeSizeRateMixer	2107	2261	6	0.206897	0.22263	
TimeRootSizeMixer	2297	2120	6	0.206897	0.272189	
EventTimeScaler	8253	8175	1	0.0344828	0.346709	
RootPopulationSizeScaler0	1536	1693	1	0.0344828	0.324475	
LeafPopulationSizeScaler0	1896	1332	1	0.0344828	0.48106	
RootPopulationSizeScaler1	1559	1658	1	0.0344828	0.315023	
LeafPopulationSizeScaler1	1532	1675	1	0.0344828	0.396611	
RootPopulationSizeScaler2	1506	1693	1	0.0344828	0.298434	
LeafPopulationSizeScaler2	1781	1442	1	0.0344828	0.41271	
generation 8000:
name	number_accepted	number_rejected	weight	weight_prob	tuning_parameter
DirichletProcessGibbsSampler	2723	0	10	0.344828	none	
TimeSizeRateMixer	2403	2592	6	0.206897	0.223003	
TimeRootSizeMixer	2610	2422	6	0.206897	0.274777	
EventTimeScaler	9381	9459	1	0.0344828	0.348375	
RootPopulationSizeScaler0	1739	1937	1	0.0344828	0.325669	
LeafPopulationSizeScaler0	2155	1523	1	0.0344828	0.488228	
RootPopulationSizeScaler1	1770	1884	1	0.0344828	0.316654	
LeafPopulationSizeScaler1	1749	1917	1	0.0344828	0.397996	
RootPopulationSizeScaler2	1708	1931	1	0.0344828	0.299798	
LeafPopulationSizeScaler2	2021	1649	1	0.0344828	0.41829	
generation 9000:
name	number_accepted	number_rejected	weight	weight_prob	tuning_parameter
DirichletProcessGibbsSampler	3053	0	10	0.344828	none	
TimeSizeRateMixer	2665	2930	6	0.206897	0.223003	
TimeRootSizeMixer	2925	2728	6	0.206897	0.276608	
EventTimeScaler	10526	10633	1	0.0344828	0.350565	
RootPopulationSizeScaler0	1958	2170	1	0.0344828	0.327329	
LeafPopulationSizeScaler0	2371	1740	1	0.0344828	0.491947	
RootPopulationSizeScaler1	1985	2119	1	0.0344828	0.317728	
LeafPopulationSizeScaler1	1967	2144	1	0.0344828	0.40032	
RootPopulationSizeScaler2	1901	2179	1	0.0344828	0.299566	
LeafPopulationSizeScaler2	2240	1878	1	0.0344828	0.420465	
generation 10000:
name	number_accepted	number_rejected	weight	weight_prob	tuning_parameter
DirichletProcessGibbsSampler	3376	0	10	0.344828	none	
TimeSizeRateMixer	2992	3250	6	0.206897	0.224471	
TimeRootSizeMixer	3258	3061	6	0.206897	0.278036	
EventTimeScaler	11642	11896	1	0.0344828	0.351673	
RootPopulationSizeScaler0	2166	2427	1	0.0344828	0.328139	
LeafPopulationSizeScaler0	2622	1980	1	0.0344828	0.496566	
RootPopulationSizeScaler1	2201	2375	1	0.0344828	0.318298	
LeafPopulationSizeScaler1	2179	2399	1	0.0344828	0.401035	
RootPopulationSizeScaler2	2100	2452	1	0.0344828	0.299199	
LeafPopulationSizeScaler2	2473	2120	1	0.0344828	0.424549	
generation 11000:
name	number_accepted	number_rejected	weight	weight_prob	tuning_parameter
DirichletProcessGibbsSampler	3730	0	10	0.344828	none	
TimeSizeRateMixer	3290	3588	6	0.206897	0.225331	
TimeRootSizeMixer	3535	3363	6	0.206897	0.278736	
EventTimeScaler	12810	13128	1	0.0344828	0.353059	
RootPopulationSizeScaler0	2356	2670	1	0.0344828	0.328316	
LeafPopulationSizeScaler0	2864	2169	1	0.0344828	0.500913	
RootPopulationSizeScaler1	2397	2625	1	0.0344828	0.318681	
LeafPopulationSizeScaler1	2369	2660	1	0.0344828	0.400883	
RootPopulationSizeScaler2	2309	2680	1	0.0344828	0.299532	
LeafPopulationSizeScaler2	2696	2329	1	0.0344828	0.427773	
generation 12000:
name	number_accepted	number_rejected	weight	weight_prob	tuning_parameter
DirichletProcessGibbsSampler	4093	0	10	0.344828	none	
TimeSizeRateMixer	3565	3910	6	0.206897	0.226168	
TimeRootSizeMixer	3839	3698	6	0.206897	0.279713	
EventTimeScaler	13983	14412	1	0.0344828	0.354297	
RootPopulationSizeScaler0	2555	2906	1	0.0344828	0.328956	
LeafPopulationSizeScaler0	3109	2366	1	0.0344828	0.504893	
RootPopulationSizeScaler1	2597	2872	1	0.0344828	0.318513	
LeafPopulationSizeScaler1	2579	2898	1	0.0344828	0.401975	
RootPopulationSizeScaler2	2492	2940	1	0.0344828	0.298955	
LeafPopulationSizeScaler2	2919	2544	1	0.0344828	0.430078	
