generation 1000:
name	number_accepted	number_rejected	weight	weight_prob	tuning_parameter
DirichletProcessGibbsSampler	354	0	10	0.344828	none	
TimeSizeRateMixer	271	292	6	0.206897	0.220294	
TimeRootSizeMixer	379	268	6	0.206897	0.236514	
EventTimeScaler	1353	962	1	0.0344828	0.301995	
RootPopulationSizeScaler0	237	208	1	0.0344828	0.29632	
LeafPopulationSizeScaler0	312	147	1	0.0344828	0.333786	
RootPopulationSizeScaler1	273	175	1	0.0344828	0.25113	
LeafPopulationSizeScaler1	260	188	1	0.0344828	0.325231	
RootPopulationSizeScaler2	262	180	1	0.0344828	0.235092	
LeafPopulationSizeScaler2	279	172	1	0.0344828	0.401927	
generation 2000:
name	number_accepted	number_rejected	weight	weight_prob	tuning_parameter
DirichletProcessGibbsSampler	716	0	10	0.344828	none	
TimeSizeRateMixer	538	610	6	0.206897	0.22414	
TimeRootSizeMixer	744	584	6	0.206897	0.253963	
EventTimeScaler	2611	2152	1	0.0344828	0.321682	
RootPopulationSizeScaler0	471	422	1	0.0344828	0.315002	
LeafPopulationSizeScaler0	595	312	1	0.0344828	0.391687	
RootPopulationSizeScaler1	504	398	1	0.0344828	0.270486	
LeafPopulationSizeScaler1	479	430	1	0.0344828	0.339472	
RootPopulationSizeScaler2	496	394	1	0.0344828	0.248948	
LeafPopulationSizeScaler2	515	393	1	0.0344828	0.432237	
generation 3000:
name	number_accepted	number_rejected	weight	weight_prob	tuning_parameter
DirichletProcessGibbsSampler	1079	0	10	0.344828	none	
TimeSizeRateMixer	845	930	6	0.206897	0.227039	
TimeRootSizeMixer	1066	868	6	0.206897	0.260828	
EventTimeScaler	3875	3351	1	0.0344828	0.330348	
RootPopulationSizeScaler0	666	663	1	0.0344828	0.318204	
LeafPopulationSizeScaler0	854	499	1	0.0344828	0.418173	
RootPopulationSizeScaler1	734	607	1	0.0344828	0.279447	
LeafPopulationSizeScaler1	723	627	1	0.0344828	0.35296	
RootPopulationSizeScaler2	720	614	1	0.0344828	0.256887	
LeafPopulationSizeScaler2	724	623	1	0.0344828	0.438248	
generation 4000:
name	number_accepted	number_rejected	weight	weight_prob	tuning_parameter
DirichletProcessGibbsSampler	1441	0	10	0.344828	none	
TimeSizeRateMixer	1102	1267	6	0.206897	0.227099	
TimeRootSizeMixer	1391	1224	6	0.206897	0.265331	
EventTimeScaler	5058	4610	1	0.0344828	0.335218	
RootPopulationSizeScaler0	846	930	1	0.0344828	0.317538	
LeafPopulationSizeScaler0	1118	688	1	0.0344828	0.436596	
RootPopulationSizeScaler1	938	856	1	0.0344828	0.28331	
LeafPopulationSizeScaler1	944	879	1	0.0344828	0.355662	
RootPopulationSizeScaler2	952	837	1	0.0344828	0.261274	
LeafPopulationSizeScaler2	946	856	1	0.0344828	0.445359	
generation 5000:
name	number_accepted	number_rejected	weight	weight_prob	tuning_parameter
DirichletProcessGibbsSampler	1770	0	10	0.344828	none	
TimeSizeRateMixer	1388	1596	6	0.206897	0.229137	
TimeRootSizeMixer	1677	1535	6	0.206897	0.26742	
EventTimeScaler	6180	5795	1	0.0344828	0.338745	
RootPopulationSizeScaler0	1069	1162	1	0.0344828	0.32158	
LeafPopulationSizeScaler0	1376	865	1	0.0344828	0.451241	
RootPopulationSizeScaler1	1170	1073	1	0.0344828	0.287521	
LeafPopulationSizeScaler1	1159	1108	1	0.0344828	0.359375	
RootPopulationSizeScaler2	1158	1065	1	0.0344828	0.26373	
LeafPopulationSizeScaler2	1163	1077	1	0.0344828	0.45235	
generation 6000:
name	number_accepted	number_rejected	weight	weight_prob	tuning_parameter
DirichletProcessGibbsSampler	2120	0	10	0.344828	none	
TimeSizeRateMixer	1676	1935	6	0.206897	0.230222	
TimeRootSizeMixer	1979	1860	6	0.206897	0.26965	
EventTimeScaler	7364	6990	1	0.0344828	0.342164	
RootPopulationSizeScaler0	1264	1417	1	0.0344828	0.320912	
LeafPopulationSizeScaler0	1629	1060	1	0.0344828	0.462437	
RootPopulationSizeScaler1	1391	1301	1	0.0344828	0.290713	
LeafPopulationSizeScaler1	1395	1325	1	0.0344828	0.362979	
RootPopulationSizeScaler2	1372	1311	1	0.0344828	0.265216	
LeafPopulationSizeScaler2	1376	1319	1	0.0344828	0.45483	
generation 7000:
name	number_accepted	number_rejected	weight	weight_prob	tuning_parameter
DirichletProcessGibbsSampler	2462	0	10	0.344828	none	
TimeSizeRateMixer	1950	2276	6	0.206897	0.230164	
TimeRootSizeMixer	2277	2153	6	0.206897	0.272179	
EventTimeScaler	8451	8219	1	0.0344828	0.343792	
RootPopulationSizeScaler0	1487	1635	1	0.0344828	0.323152	
LeafPopulationSizeScaler0	1862	1268	1	0.0344828	0.469688	
RootPopulationSizeScaler1	1582	1541	1	0.0344828	0.292526	
LeafPopulationSizeScaler1	1600	1554	1	0.0344828	0.365388	
RootPopulationSizeScaler2	1588	1550	1	0.0344828	0.266901	
LeafPopulationSizeScaler2	1591	1542	1	0.0344828	0.459529	
generation 8000:
name	number_accepted	number_rejected	weight	weight_prob	tuning_parameter
DirichletProcessGibbsSampler	2826	0	10	0.344828	none	
TimeSizeRateMixer	2220	2609	6	0.206897	0.230693	
TimeRootSizeMixer	2557	2422	6	0.206897	0.275193	
EventTimeScaler	9614	9396	1	0.0344828	0.346572	
RootPopulationSizeScaler0	1675	1867	1	0.0344828	0.323199	
LeafPopulationSizeScaler0	2096	1461	1	0.0344828	0.476705	
RootPopulationSizeScaler1	1800	1744	1	0.0344828	0.294458	
LeafPopulationSizeScaler1	1801	1762	1	0.0344828	0.36766	
RootPopulationSizeScaler2	1796	1767	1	0.0344828	0.268837	
LeafPopulationSizeScaler2	1811	1744	1	0.0344828	0.463244	
generation 9000:
name	number_accepted	number_rejected	weight	weight_prob	tuning_parameter
DirichletProcessGibbsSampler	3143	0	10	0.344828	none	
TimeSizeRateMixer	2511	2936	6	0.206897	0.231276	
TimeRootSizeMixer	2884	2737	6	0.206897	0.277237	
EventTimeScaler	10720	10597	1	0.0344828	0.347863	
RootPopulationSizeScaler0	1871	2123	1	0.0344828	0.323661	
LeafPopulationSizeScaler0	2350	1669	1	0.0344828	0.483836	
RootPopulationSizeScaler1	2036	1971	1	0.0344828	0.296703	
LeafPopulationSizeScaler1	2038	1984	1	0.0344828	0.370111	
RootPopulationSizeScaler2	2026	1989	1	0.0344828	0.270771	
LeafPopulationSizeScaler2	2018	2000	1	0.0344828	0.465427	
generation 10000:
name	number_accepted	number_rejected	weight	weight_prob	tuning_parameter
DirichletProcessGibbsSampler	3482	0	10	0.344828	none	
TimeSizeRateMixer	2814	3236	6	0.206897	0.232355	
TimeRootSizeMixer	3188	3063	6	0.206897	0.278368	
EventTimeScaler	11804	11868	1	0.0344828	0.348823	
RootPopulationSizeScaler0	2078	2366	1	0.0344828	0.324373	
LeafPopulationSizeScaler0	2596	1871	1	0.0344828	0.489534	
RootPopulationSizeScaler1	2248	2209	1	0.0344828	0.297605	
LeafPopulationSizeScaler1	2234	2228	1	0.0344828	0.371144	
RootPopulationSizeScaler2	2234	2229	1	0.0344828	0.271508	
LeafPopulationSizeScaler2	2229	2234	1	0.0344828	0.466713	
generation 11000:
name	number_accepted	number_rejected	weight	weight_prob	tuning_parameter
DirichletProcessGibbsSampler	3829	0	10	0.344828	none	
TimeSizeRateMixer	3107	3597	6	0.206897	0.232556	
TimeRootSizeMixer	3464	3375	6	0.206897	0.279565	
EventTimeScaler	12917	13152	1	0.0344828	0.349799	
RootPopulationSizeScaler0	2291	2598	1	0.0344828	0.325021	
LeafPopulationSizeScaler0	2830	2085	1	0.0344828	0.492917	
RootPopulationSizeScaler1	2477	2422	1	0.0344828	0.299591	
LeafPopulationSizeScaler1	2435	2469	1	0.0344828	0.372142	
RootPopulationSizeScaler2	2442	2471	1	0.0344828	0.271901	
LeafPopulationSizeScaler2	2427	2494	1	0.0344828	0.466058	
generation 12000:
name	number_accepted	number_rejected	weight	weight_prob	tuning_parameter
DirichletProcessGibbsSampler	4156	0	10	0.344828	none	
TimeSizeRateMixer	3385	3955	6	0.206897	0.232565	
TimeRootSizeMixer	3785	3738	6	0.206897	0.280351	
EventTimeScaler	14073	14348	1	0.0344828	0.351081	
RootPopulationSizeScaler0	2532	2834	1	0.0344828	0.326123	
LeafPopulationSizeScaler0	3064	2321	1	0.0344828	0.495887	
RootPopulationSizeScaler1	2691	2679	1	0.0344828	0.30041	
LeafPopulationSizeScaler1	2667	2709	1	0.0344828	0.373571	
RootPopulationSizeScaler2	2681	2716	1	0.0344828	0.273602	
LeafPopulationSizeScaler2	2650	2753	1	0.0344828	0.466922	
