generation 1000:
name	number_accepted	number_rejected	weight	weight_prob	tuning_parameter
DirichletProcessGibbsSampler	356	0	10	0.344828	none	
TimeSizeRateMixer	372	241	6	0.206897	0.152503	
TimeRootSizeMixer	377	226	6	0.206897	0.233661	
EventTimeScaler	1331	1037	1	0.0344828	0.340479	
RootPopulationSizeScaler0	252	204	1	0.0344828	0.27129	
LeafPopulationSizeScaler0	311	127	1	0.0344828	0.246888	
RootPopulationSizeScaler1	248	188	1	0.0344828	0.268567	
LeafPopulationSizeScaler1	257	188	1	0.0344828	0.355443	
RootPopulationSizeScaler2	277	167	1	0.0344828	0.235894	
LeafPopulationSizeScaler2	314	127	1	0.0344828	0.243549	
generation 2000:
name	number_accepted	number_rejected	weight	weight_prob	tuning_parameter
DirichletProcessGibbsSampler	715	0	10	0.344828	none	
TimeSizeRateMixer	691	492	6	0.206897	0.1683	
TimeRootSizeMixer	733	563	6	0.206897	0.248391	
EventTimeScaler	2516	2267	1	0.0344828	0.354514	
RootPopulationSizeScaler0	493	420	1	0.0344828	0.28716	
LeafPopulationSizeScaler0	638	248	1	0.0344828	0.302655	
RootPopulationSizeScaler1	480	410	1	0.0344828	0.281414	
LeafPopulationSizeScaler1	467	430	1	0.0344828	0.367885	
RootPopulationSizeScaler2	519	388	1	0.0344828	0.255043	
LeafPopulationSizeScaler2	603	285	1	0.0344828	0.287652	
generation 3000:
name	number_accepted	number_rejected	weight	weight_prob	tuning_parameter
DirichletProcessGibbsSampler	1033	0	10	0.344828	none	
TimeSizeRateMixer	1093	822	6	0.206897	0.178157	
TimeRootSizeMixer	1092	864	6	0.206897	0.257339	
EventTimeScaler	3676	3543	1	0.0344828	0.359836	
RootPopulationSizeScaler0	735	680	1	0.0344828	0.292236	
LeafPopulationSizeScaler0	949	425	1	0.0344828	0.333494	
RootPopulationSizeScaler1	728	663	1	0.0344828	0.287869	
LeafPopulationSizeScaler1	708	680	1	0.0344828	0.380953	
RootPopulationSizeScaler2	779	625	1	0.0344828	0.262061	
LeafPopulationSizeScaler2	914	467	1	0.0344828	0.312793	
generation 4000:
name	number_accepted	number_rejected	weight	weight_prob	tuning_parameter
DirichletProcessGibbsSampler	1372	0	10	0.344828	none	
TimeSizeRateMixer	1423	1092	6	0.206897	0.18463	
TimeRootSizeMixer	1411	1157	6	0.206897	0.265317	
EventTimeScaler	4824	4729	1	0.0344828	0.363883	
RootPopulationSizeScaler0	932	927	1	0.0344828	0.294766	
LeafPopulationSizeScaler0	1248	575	1	0.0344828	0.356111	
RootPopulationSizeScaler1	943	889	1	0.0344828	0.291084	
LeafPopulationSizeScaler1	914	909	1	0.0344828	0.38362	
RootPopulationSizeScaler2	984	863	1	0.0344828	0.266124	
LeafPopulationSizeScaler2	1169	646	1	0.0344828	0.327943	
generation 5000:
name	number_accepted	number_rejected	weight	weight_prob	tuning_parameter
DirichletProcessGibbsSampler	1708	0	10	0.344828	none	
TimeSizeRateMixer	1748	1388	6	0.206897	0.188778	
TimeRootSizeMixer	1737	1494	6	0.206897	0.268553	
EventTimeScaler	5939	6026	1	0.0344828	0.366079	
RootPopulationSizeScaler0	1178	1148	1	0.0344828	0.299892	
LeafPopulationSizeScaler0	1529	752	1	0.0344828	0.371505	
RootPopulationSizeScaler1	1158	1136	1	0.0344828	0.293556	
LeafPopulationSizeScaler1	1131	1149	1	0.0344828	0.386399	
RootPopulationSizeScaler2	1220	1091	1	0.0344828	0.26948	
LeafPopulationSizeScaler2	1438	833	1	0.0344828	0.338913	
generation 6000:
name	number_accepted	number_rejected	weight	weight_prob	tuning_parameter
DirichletProcessGibbsSampler	2045	0	10	0.344828	none	
TimeSizeRateMixer	2107	1701	6	0.206897	0.191927	
TimeRootSizeMixer	2045	1816	6	0.206897	0.271182	
EventTimeScaler	7065	7336	1	0.0344828	0.367651	
RootPopulationSizeScaler0	1396	1396	1	0.0344828	0.300961	
LeafPopulationSizeScaler0	1813	940	1	0.0344828	0.382255	
RootPopulationSizeScaler1	1388	1366	1	0.0344828	0.297025	
LeafPopulationSizeScaler1	1346	1403	1	0.0344828	0.388297	
RootPopulationSizeScaler2	1441	1339	1	0.0344828	0.271133	
LeafPopulationSizeScaler2	1703	1024	1	0.0344828	0.348253	
generation 7000:
name	number_accepted	number_rejected	weight	weight_prob	tuning_parameter
DirichletProcessGibbsSampler	2398	0	10	0.344828	none	
TimeSizeRateMixer	2407	1977	6	0.206897	0.194181	
TimeRootSizeMixer	2349	2163	6	0.206897	0.272271	
EventTimeScaler	8161	8634	1	0.0344828	0.368686	
RootPopulationSizeScaler0	1608	1625	1	0.0344828	0.302957	
LeafPopulationSizeScaler0	2074	1119	1	0.0344828	0.392586	
RootPopulationSizeScaler1	1609	1583	1	0.0344828	0.299371	
LeafPopulationSizeScaler1	1566	1636	1	0.0344828	0.391111	
RootPopulationSizeScaler2	1662	1564	1	0.0344828	0.273262	
LeafPopulationSizeScaler2	1948	1217	1	0.0344828	0.354493	
generation 8000:
name	number_accepted	number_rejected	weight	weight_prob	tuning_parameter
DirichletProcessGibbsSampler	2745	0	10	0.344828	none	
TimeSizeRateMixer	2716	2252	6	0.206897	0.196192	
TimeRootSizeMixer	2685	2482	6	0.206897	0.274528	
EventTimeScaler	9282	9919	1	0.0344828	0.369693	
RootPopulationSizeScaler0	1813	1858	1	0.0344828	0.304276	
LeafPopulationSizeScaler0	2337	1300	1	0.0344828	0.401169	
RootPopulationSizeScaler1	1827	1815	1	0.0344828	0.300544	
LeafPopulationSizeScaler1	1780	1871	1	0.0344828	0.393467	
RootPopulationSizeScaler2	1883	1785	1	0.0344828	0.275668	
LeafPopulationSizeScaler2	2218	1404	1	0.0344828	0.361636	
generation 9000:
name	number_accepted	number_rejected	weight	weight_prob	tuning_parameter
DirichletProcessGibbsSampler	3094	0	10	0.344828	none	
TimeSizeRateMixer	3042	2571	6	0.206897	0.19739	
TimeRootSizeMixer	2994	2773	6	0.206897	0.276286	
EventTimeScaler	10413	11158	1	0.0344828	0.371004	
RootPopulationSizeScaler0	2025	2099	1	0.0344828	0.305047	
LeafPopulationSizeScaler0	2612	1482	1	0.0344828	0.408976	
RootPopulationSizeScaler1	2039	2051	1	0.0344828	0.301914	
LeafPopulationSizeScaler1	1978	2118	1	0.0344828	0.393536	
RootPopulationSizeScaler2	2095	2019	1	0.0344828	0.276519	
LeafPopulationSizeScaler2	2486	1587	1	0.0344828	0.367929	
generation 10000:
name	number_accepted	number_rejected	weight	weight_prob	tuning_parameter
DirichletProcessGibbsSampler	3437	0	10	0.344828	none	
TimeSizeRateMixer	3398	2884	6	0.206897	0.199313	
TimeRootSizeMixer	3300	3094	6	0.206897	0.277313	
EventTimeScaler	11499	12493	1	0.0344828	0.37116	
RootPopulationSizeScaler0	2235	2360	1	0.0344828	0.305448	
LeafPopulationSizeScaler0	2873	1684	1	0.0344828	0.41497	
RootPopulationSizeScaler1	2265	2294	1	0.0344828	0.303506	
LeafPopulationSizeScaler1	2166	2394	1	0.0344828	0.393422	
RootPopulationSizeScaler2	2308	2271	1	0.0344828	0.27751	
LeafPopulationSizeScaler2	2750	1776	1	0.0344828	0.372625	
generation 11000:
name	number_accepted	number_rejected	weight	weight_prob	tuning_parameter
DirichletProcessGibbsSampler	3785	0	10	0.344828	none	
TimeSizeRateMixer	3693	3156	6	0.206897	0.200832	
TimeRootSizeMixer	3600	3397	6	0.206897	0.278652	
EventTimeScaler	12580	13758	1	0.0344828	0.371857	
RootPopulationSizeScaler0	2431	2589	1	0.0344828	0.306061	
LeafPopulationSizeScaler0	3146	1845	1	0.0344828	0.421934	
RootPopulationSizeScaler1	2479	2510	1	0.0344828	0.305174	
LeafPopulationSizeScaler1	2353	2628	1	0.0344828	0.393781	
RootPopulationSizeScaler2	2495	2511	1	0.0344828	0.278004	
LeafPopulationSizeScaler2	2970	1977	1	0.0344828	0.375179	
generation 12000:
name	number_accepted	number_rejected	weight	weight_prob	tuning_parameter
DirichletProcessGibbsSampler	4094	0	10	0.344828	none	
TimeSizeRateMixer	4022	3466	6	0.206897	0.202196	
TimeRootSizeMixer	3913	3738	6	0.206897	0.28007	
EventTimeScaler	13619	15053	1	0.0344828	0.372273	
RootPopulationSizeScaler0	2660	2842	1	0.0344828	0.307121	
LeafPopulationSizeScaler0	3415	2038	1	0.0344828	0.426971	
RootPopulationSizeScaler1	2708	2750	1	0.0344828	0.306595	
LeafPopulationSizeScaler1	2567	2871	1	0.0344828	0.395123	
RootPopulationSizeScaler2	2745	2730	1	0.0344828	0.28005	
LeafPopulationSizeScaler2	3212	2204	1	0.0344828	0.378202	
