======================================================================
                              Ecoevolity
                  Estimating evolutionary coevality
      Version 0.2.0 (master c59888c: 2018-05-27T13:26:11-05:00)
======================================================================

Seed: 662237747
Using data in order to sample from the posterior distribution...
Config path: ../configs/ecoevolity-config.yml
Parsing config file...

----------------------------------------------------------------------
---
event_model_prior:
    dirichlet_process:
        parameters:
            concentration:
                value: 1.41422
                estimate: false
event_time_prior:
    exponential_distribution:
        rate: 10
mcmc_settings:
    chain_length: 12000
    sample_frequency: 10
comparisons:
- comparison:
    path: ../configs/../nexus-alignments/G-crombota-rossi-BabuyanClaro-Calayan-300-424654214.nex
    ploidy: 2
    genotypes_are_diploid: true
    markers_are_dominant: false
    population_name_delimiter: ' '
    population_name_is_prefix: false
    constant_sites_removed: false
    equal_population_sizes: false
    parameters:
        population_size:
            value: 0.002
            estimate: true
            prior:
                gamma_distribution:
                    shape: 5
                    scale: 0.0004
                    offset: 0
        root_relative_population_size:
            value: 1
            estimate: true
            prior:
                gamma_distribution:
                    shape: 100
                    scale: 0.01
                    offset: 0
        mutation_rate:
            value: 1
            estimate: false
        freq_1:
            value: 0.5
            estimate: false
    operators:
        TimeSizeRateMixer:
            weight: 0
            scale: 0.1
        TimeSizeRateScaler:
            weight: 0
            scale: 0.1
        EventTimeScaler:
            weight: 0
            scale: 0.1
        RootPopulationSizeScaler:
            weight: 1
            scale: 0.1
        LeafPopulationSizeScaler:
            weight: 1
            scale: 0.1
        MutationRateScaler:
            weight: 0
            scale: 0.3
        FreqMover:
            weight: 0
            window: 0.1
        TimeRootSizeMixer:
            weight: 0
            scale: 0.05
- comparison:
    path: ../configs/../nexus-alignments/G-mindorensis-mindorensis-MaestreDeCampo-Masbate-300-424654214.nex
    ploidy: 2
    genotypes_are_diploid: true
    markers_are_dominant: false
    population_name_delimiter: ' '
    population_name_is_prefix: false
    constant_sites_removed: false
    equal_population_sizes: false
    parameters:
        population_size:
            value: 0.002
            estimate: true
            prior:
                gamma_distribution:
                    shape: 5
                    scale: 0.0004
                    offset: 0
        root_relative_population_size:
            value: 1
            estimate: true
            prior:
                gamma_distribution:
                    shape: 100
                    scale: 0.01
                    offset: 0
        mutation_rate:
            value: 1
            estimate: false
        freq_1:
            value: 0.5
            estimate: false
    operators:
        TimeSizeRateMixer:
            weight: 0
            scale: 0.1
        TimeSizeRateScaler:
            weight: 0
            scale: 0.1
        EventTimeScaler:
            weight: 0
            scale: 0.1
        RootPopulationSizeScaler:
            weight: 1
            scale: 0.1
        LeafPopulationSizeScaler:
            weight: 1
            scale: 0.1
        MutationRateScaler:
            weight: 0
            scale: 0.3
        FreqMover:
            weight: 0
            window: 0.1
        TimeRootSizeMixer:
            weight: 0
            scale: 0.05
- comparison:
    path: ../configs/../nexus-alignments/G-sp_a-sp_b-Dalupiri-CamiguinNorte-300-424654214.nex
    ploidy: 2
    genotypes_are_diploid: true
    markers_are_dominant: false
    population_name_delimiter: ' '
    population_name_is_prefix: false
    constant_sites_removed: false
    equal_population_sizes: false
    parameters:
        population_size:
            value: 0.002
            estimate: true
            prior:
                gamma_distribution:
                    shape: 5
                    scale: 0.0004
                    offset: 0
        root_relative_population_size:
            value: 1
            estimate: true
            prior:
                gamma_distribution:
                    shape: 100
                    scale: 0.01
                    offset: 0
        mutation_rate:
            value: 1
            estimate: false
        freq_1:
            value: 0.5
            estimate: false
    operators:
        TimeSizeRateMixer:
            weight: 0
            scale: 0.1
        TimeSizeRateScaler:
            weight: 0
            scale: 0.1
        EventTimeScaler:
            weight: 0
            scale: 0.1
        RootPopulationSizeScaler:
            weight: 1
            scale: 0.1
        LeafPopulationSizeScaler:
            weight: 1
            scale: 0.1
        MutationRateScaler:
            weight: 0
            scale: 0.3
        FreqMover:
            weight: 0
            window: 0.1
        TimeRootSizeMixer:
            weight: 0
            scale: 0.05
operator_settings:
    auto_optimize: true
    auto_optimize_delay: 1000
    operators:
        ModelOperator:
            weight: 10
            number_of_auxiliary_categories: 4
        ConcentrationScaler:
            weight: 0
            scale: 1
        TimeSizeRateMixer:
            weight: 6
            scale: 0.1
        TimeSizeRateScaler:
            weight: 0
            scale: 0.1
        EventTimeScaler:
            weight: 1
            scale: 0.1
        TimeRootSizeMixer:
            weight: 6
            scale: 0.05
----------------------------------------------------------------------

Configuring model...
storing read block: TAXA
storing read block: CHARACTERS

#######################################################################
##############################  WARNING  ##############################
1 sites had more than two nucleotide states from the alignment in:
    '../configs/../nexus-alignments/G-crombota-rossi-BabuyanClaro-Calayan-300-424654214.nex'.
These sites have been recoded as biallelic, by treating the first
nucleotide as 0 and all others as 1. If you would prefer to ignore
these sites, please remove all sites with more than two nucleotide
states from your DNA alignments and re-run the analysis.
#######################################################################


#######################################################################
##############################  WARNING  ##############################
25 sites will be ignored from the alignment in:
    '../configs/../nexus-alignments/G-crombota-rossi-BabuyanClaro-Calayan-300-424654214.nex'
due to at least one population with no data.
#######################################################################

storing read block: TAXA
storing read block: CHARACTERS

#######################################################################
##############################  WARNING  ##############################
1 sites had more than two nucleotide states from the alignment in:
    '../configs/../nexus-alignments/G-mindorensis-mindorensis-MaestreDeCampo-Masbate-300-424654214.nex'.
These sites have been recoded as biallelic, by treating the first
nucleotide as 0 and all others as 1. If you would prefer to ignore
these sites, please remove all sites with more than two nucleotide
states from your DNA alignments and re-run the analysis.
#######################################################################


#######################################################################
##############################  WARNING  ##############################
48 sites will be ignored from the alignment in:
    '../configs/../nexus-alignments/G-mindorensis-mindorensis-MaestreDeCampo-Masbate-300-424654214.nex'
due to at least one population with no data.
#######################################################################

storing read block: TAXA
storing read block: CHARACTERS

#######################################################################
##############################  WARNING  ##############################
1 sites had more than two nucleotide states from the alignment in:
    '../configs/../nexus-alignments/G-sp_a-sp_b-Dalupiri-CamiguinNorte-300-424654214.nex'.
These sites have been recoded as biallelic, by treating the first
nucleotide as 0 and all others as 1. If you would prefer to ignore
these sites, please remove all sites with more than two nucleotide
states from your DNA alignments and re-run the analysis.
#######################################################################


#######################################################################
##############################  WARNING  ##############################
38 sites will be ignored from the alignment in:
    '../configs/../nexus-alignments/G-sp_a-sp_b-Dalupiri-CamiguinNorte-300-424654214.nex'
due to at least one population with no data.
#######################################################################


----------------------------------------------------------------------
Summary of data from 3 comparisons:
    Summary of data from '../configs/../nexus-alignments/G-crombota-rossi-BabuyanClaro-Calayan-300-424654214.nex':
        Genotypes: diploid
        Markers are dominant? false
        Number of populations: 2
        Number of sites: 27340
        Number of variable sites: 102
        Number of patterns: 71
        Patterns folded? true
        Population label (max # of alleles sampled):
            BabuyanClaro0 (10)
            Calayan0 (10)
    Summary of data from '../configs/../nexus-alignments/G-mindorensis-mindorensis-MaestreDeCampo-Masbate-300-424654214.nex':
        Genotypes: diploid
        Markers are dominant? false
        Number of populations: 2
        Number of sites: 27311
        Number of variable sites: 257
        Number of patterns: 51
        Patterns folded? true
        Population label (max # of alleles sampled):
            MaestreDeCampo1 (6)
            Masbate1 (6)
    Summary of data from '../configs/../nexus-alignments/G-sp_a-sp_b-Dalupiri-CamiguinNorte-300-424654214.nex':
        Genotypes: diploid
        Markers are dominant? false
        Number of populations: 2
        Number of sites: 27285
        Number of variable sites: 112
        Number of patterns: 76
        Patterns folded? true
        Population label (max # of alleles sampled):
            CamiguinNorte2 (10)
            Dalupiri2 (10)
----------------------------------------------------------------------

Number of threads: 1
Firing up MCMC...
State log path: ../analyses/ecoevolity/run-2ecoevolity-config-state-run-1.log
Operator log path: ../analyses/ecoevolity/run-2ecoevolity-config-operator-run-1.log
generation	ln_likelihood	ln_prior	number_of_events	concentration
0	-82233.2	42.7892	3	1.41422
100	-61494	22.685	3	1.41422
200	-61253.4	20.078	3	1.41422
300	-61218	17.6688	3	1.41422
400	-61218.3	15.1463	3	1.41422
500	-61222.1	18.0447	3	1.41422
600	-61219.8	16.8571	3	1.41422
700	-61226.1	15.4147	3	1.41422
800	-61221.5	17.0451	3	1.41422
900	-61217.4	16.7179	3	1.41422
1000	-61225.8	15.9952	3	1.41422
1100	-61221.8	17.3708	3	1.41422
1200	-61219.8	18.123	3	1.41422
1300	-61222.8	18.54	3	1.41422
1400	-61222.4	18.936	3	1.41422
1500	-61218.2	18.1094	3	1.41422
1600	-61216.6	15.7787	3	1.41422
1700	-61220.3	15.2758	3	1.41422
1800	-61216.5	17.2056	3	1.41422
1900	-61220.7	16.7655	3	1.41422
2000	-61217.3	15.2939	3	1.41422
2100	-61219.2	14.2127	3	1.41422
2200	-61217.3	15.3462	3	1.41422
2300	-61220.6	16.3482	3	1.41422
2400	-61222	18.7271	3	1.41422
2500	-61217.1	16.4473	3	1.41422
2600	-61223.6	19.347	3	1.41422
2700	-61222.1	17.8598	3	1.41422
2800	-61218.2	15.989	3	1.41422
2900	-61228.9	18.6171	3	1.41422
3000	-61222.8	19.6097	3	1.41422
3100	-61218.1	16.4165	3	1.41422
3200	-61219.4	15.38	3	1.41422
3300	-61219.3	9.94276	3	1.41422
3400	-61218.7	15.5189	3	1.41422
3500	-61224.7	15.4496	3	1.41422
3600	-61220.4	14.52	3	1.41422
3700	-61218	16.9762	3	1.41422
3800	-61220.5	16.3165	3	1.41422
3900	-61222.6	18.1312	3	1.41422
4000	-61218.2	17.4153	3	1.41422
4100	-61219.7	17.225	3	1.41422
4200	-61223.5	16.5422	3	1.41422
4300	-61222.6	18.2452	3	1.41422
4400	-61220.9	16.899	3	1.41422
4500	-61220.1	14.9367	3	1.41422
4600	-61223	17.3242	3	1.41422
4700	-61224.8	17.6185	3	1.41422
4800	-61220.7	18.1637	3	1.41422
4900	-61221.5	12.0694	3	1.41422
5000	-61220.4	14.7032	3	1.41422
5100	-61224.3	19.3329	3	1.41422
5200	-61220	18.5967	3	1.41422
5300	-61219.3	16.3366	3	1.41422
5400	-61229.1	16.1607	3	1.41422
5500	-61218.1	17.2423	3	1.41422
5600	-61223.4	19.1036	3	1.41422
5700	-61222.3	17.9303	3	1.41422
5800	-61221.2	16.2177	3	1.41422
5900	-61221.2	15.0085	3	1.41422
6000	-61218.7	17.6395	3	1.41422
6100	-61222.2	18.285	3	1.41422
6200	-61220	17.1921	3	1.41422
6300	-61221.1	14.5163	3	1.41422
6400	-61219.7	15.5481	3	1.41422
6500	-61220	17.9561	3	1.41422
6600	-61218.8	17.9916	3	1.41422
6700	-61216.9	14.512	3	1.41422
6800	-61218.1	15.2538	3	1.41422
6900	-61225.7	20.1226	3	1.41422
7000	-61224	17.715	3	1.41422
7100	-61216.5	16.2387	3	1.41422
7200	-61219	16.4423	3	1.41422
7300	-61219.6	17.1339	3	1.41422
7400	-61218.3	17.376	3	1.41422
7500	-61221.6	17.9691	3	1.41422
7600	-61221.7	18.5666	3	1.41422
7700	-61219.3	16.9504	3	1.41422
7800	-61221.9	18.8682	3	1.41422
7900	-61217.5	16.5708	3	1.41422
8000	-61221	19.1366	3	1.41422
8100	-61222	17.1654	3	1.41422
8200	-61220.1	18.049	3	1.41422
8300	-61221	16.7155	3	1.41422
8400	-61221.7	17.6283	3	1.41422
8500	-61222.6	12.9471	3	1.41422
8600	-61221.5	19.1112	3	1.41422
8700	-61218.6	16.9145	3	1.41422
8800	-61219.7	17.3115	3	1.41422
8900	-61217.6	15.3408	3	1.41422
9000	-61219.7	13.8342	3	1.41422
9100	-61219	16.763	3	1.41422
9200	-61222.3	16.3801	3	1.41422
9300	-61218.1	13.3919	3	1.41422
9400	-61219.9	15.3954	3	1.41422
9500	-61223.4	14.0624	3	1.41422
9600	-61219.9	12.084	3	1.41422
9700	-61223.6	17.0025	3	1.41422
9800	-61222.1	17.1723	3	1.41422
9900	-61224	17.5024	3	1.41422
10000	-61221	17.5216	3	1.41422
10100	-61220.9	17.2355	3	1.41422
10200	-61222	18.9055	3	1.41422
10300	-61218.6	16.2604	3	1.41422
10400	-61223	16.6494	3	1.41422
10500	-61225.2	18.1781	3	1.41422
10600	-61222	16.8603	3	1.41422
10700	-61223.5	18.4261	3	1.41422
10800	-61223.2	15.2163	3	1.41422
10900	-61219.4	14.8138	3	1.41422
11000	-61220.8	15.1967	3	1.41422
11100	-61217	17.1493	3	1.41422
11200	-61219.5	17.6029	3	1.41422
11300	-61226.5	16.4845	3	1.41422
11400	-61218.4	16.5355	3	1.41422
11500	-61218	17.3875	3	1.41422
11600	-61218.7	16.8823	3	1.41422
11700	-61220.9	16.5968	3	1.41422
11800	-61221.4	16.1519	3	1.41422
11900	-61219.2	14.5798	3	1.41422
12000	-61220	17.9768	3	1.41422

Operator stats:
name	number_accepted	number_rejected	weight	weight_prob	tuning_parameter
DirichletProcessGibbsSampler	4246	0	10	0.344828	none	
TimeSizeRateMixer	3472	3875	6	0.206897	0.22932	
TimeRootSizeMixer	3769	3545	6	0.206897	0.273641	
EventTimeScaler	13852	14861	1	0.0344828	0.36288	
RootPopulationSizeScaler0	2590	2692	1	0.0344828	0.313901	
LeafPopulationSizeScaler0	2988	2291	1	0.0344828	0.485981	
RootPopulationSizeScaler1	2559	2771	1	0.0344828	0.313971	
LeafPopulationSizeScaler1	2733	2589	1	0.0344828	0.360539	
RootPopulationSizeScaler2	2706	2600	1	0.0344828	0.260838	
LeafPopulationSizeScaler2	2605	2672	1	0.0344828	0.461318	

Runtime: 486 seconds.
